2017-06-02 16:59:27.955+0000 WARN  [o.n.i.p.PageCache] The dbms.memory.pagecache.size setting has not been configured. It is recommended that this setting is always explicitly configured, to ensure the system has a balanced configuration. Until then, a computed heuristic value of 13320787968 bytes will be used instead. 
2017-06-02 16:59:28.049+0000 INFO  [o.n.k.i.f.CommunityEditionModule] No locking implementation specified, defaulting to 'community'
2017-06-02 16:59:28.080+0000 INFO  [o.n.k.AvailabilityGuard] Requirement makes database unavailable: Database available
2017-06-02 16:59:28.080+0000 INFO  [o.n.k.i.DiagnosticsManager] --- INITIALIZED diagnostics START ---
2017-06-02 16:59:28.080+0000 INFO  [o.n.k.i.DiagnosticsManager] Neo4j Kernel properties:
2017-06-02 16:59:28.080+0000 INFO  [o.n.k.i.DiagnosticsManager] dbms.connector.http.enabled=true
2017-06-02 16:59:28.080+0000 INFO  [o.n.k.i.DiagnosticsManager] dbms.security.auth_enabled=true
2017-06-02 16:59:28.080+0000 INFO  [o.n.k.i.DiagnosticsManager] unsupported.dbms.directories.neo4j_home=C:\Users\avaisman\Dropbox\Especializacion\Especializacion 2017\Materias\DW y OLAP\Grafos\telco.db
2017-06-02 16:59:28.080+0000 INFO  [o.n.k.i.DiagnosticsManager] dbms.directories.import=import
2017-06-02 16:59:28.080+0000 INFO  [o.n.k.i.DiagnosticsManager] dbms.connector.https.enabled=true
2017-06-02 16:59:28.080+0000 INFO  [o.n.k.i.DiagnosticsManager] unsupported.dbms.directories.database=C:\Users\avaisman\Dropbox\Especializacion\Especializacion 2017\Materias\DW y OLAP\Grafos\telco.db
2017-06-02 16:59:28.080+0000 INFO  [o.n.k.i.DiagnosticsManager] dbms.logs.http.enabled=false
2017-06-02 16:59:28.080+0000 INFO  [o.n.k.i.DiagnosticsManager] dbms.allow_format_migration=true
2017-06-02 16:59:28.080+0000 INFO  [o.n.k.i.DiagnosticsManager] unsupported.dbms.edition=community
2017-06-02 16:59:28.080+0000 INFO  [o.n.k.i.DiagnosticsManager] dbms.connector.bolt.enabled=true
2017-06-02 16:59:28.080+0000 INFO  [o.n.k.i.DiagnosticsManager] dbms.directories.certificates=certificates
2017-06-02 16:59:28.080+0000 INFO  [o.n.k.i.DiagnosticsManager] Diagnostics providers:
2017-06-02 16:59:28.080+0000 INFO  [o.n.k.i.DiagnosticsManager] org.neo4j.kernel.configuration.Config
2017-06-02 16:59:28.080+0000 INFO  [o.n.k.i.DiagnosticsManager] org.neo4j.kernel.info.DiagnosticsManager
2017-06-02 16:59:28.080+0000 INFO  [o.n.k.i.DiagnosticsManager] SYSTEM_MEMORY
2017-06-02 16:59:28.080+0000 INFO  [o.n.k.i.DiagnosticsManager] JAVA_MEMORY
2017-06-02 16:59:28.080+0000 INFO  [o.n.k.i.DiagnosticsManager] OPERATING_SYSTEM
2017-06-02 16:59:28.080+0000 INFO  [o.n.k.i.DiagnosticsManager] JAVA_VIRTUAL_MACHINE
2017-06-02 16:59:28.080+0000 INFO  [o.n.k.i.DiagnosticsManager] CLASSPATH
2017-06-02 16:59:28.080+0000 INFO  [o.n.k.i.DiagnosticsManager] LIBRARY_PATH
2017-06-02 16:59:28.080+0000 INFO  [o.n.k.i.DiagnosticsManager] SYSTEM_PROPERTIES
2017-06-02 16:59:28.080+0000 INFO  [o.n.k.i.DiagnosticsManager] NETWORK
2017-06-02 16:59:28.080+0000 INFO  [o.n.k.i.DiagnosticsManager] System memory information:
2017-06-02 16:59:28.080+0000 INFO  [o.n.k.i.DiagnosticsManager] Total Physical memory: 31,90 GB
2017-06-02 16:59:28.080+0000 INFO  [o.n.k.i.DiagnosticsManager] Free Physical memory: 25,78 GB
2017-06-02 16:59:28.080+0000 INFO  [o.n.k.i.DiagnosticsManager] Committed virtual memory: 1,46 GB
2017-06-02 16:59:28.080+0000 INFO  [o.n.k.i.DiagnosticsManager] Total swap space: 63,90 GB
2017-06-02 16:59:28.080+0000 INFO  [o.n.k.i.DiagnosticsManager] Free swap space: 56,41 GB
2017-06-02 16:59:28.080+0000 INFO  [o.n.k.i.DiagnosticsManager] JVM memory information:
2017-06-02 16:59:28.080+0000 INFO  [o.n.k.i.DiagnosticsManager] Free  memory: 645,99 MB
2017-06-02 16:59:28.080+0000 INFO  [o.n.k.i.DiagnosticsManager] Total memory: 878,00 MB
2017-06-02 16:59:28.080+0000 INFO  [o.n.k.i.DiagnosticsManager] Max   memory: 7,09 GB
2017-06-02 16:59:28.080+0000 INFO  [o.n.k.i.DiagnosticsManager] Garbage Collector: PS Scavenge: [PS Eden Space, PS Survivor Space]
2017-06-02 16:59:28.080+0000 INFO  [o.n.k.i.DiagnosticsManager] Garbage Collector: PS MarkSweep: [PS Eden Space, PS Survivor Space, PS Old Gen]
2017-06-02 16:59:28.080+0000 INFO  [o.n.k.i.DiagnosticsManager] Memory Pool: Code Cache (Non-heap memory): committed=16,56 MB, used=16,38 MB, max=240,00 MB, threshold=0,00 B
2017-06-02 16:59:28.080+0000 INFO  [o.n.k.i.DiagnosticsManager] Memory Pool: Metaspace (Non-heap memory): committed=62,04 MB, used=60,67 MB, max=-1,00 B, threshold=0,00 B
2017-06-02 16:59:28.080+0000 INFO  [o.n.k.i.DiagnosticsManager] Memory Pool: Compressed Class Space (Non-heap memory): committed=9,79 MB, used=9,56 MB, max=1,00 GB, threshold=0,00 B
2017-06-02 16:59:28.080+0000 INFO  [o.n.k.i.DiagnosticsManager] Memory Pool: PS Eden Space (Heap memory): committed=160,50 MB, used=97,76 MB, max=2,42 GB, threshold=?
2017-06-02 16:59:28.080+0000 INFO  [o.n.k.i.DiagnosticsManager] Memory Pool: PS Survivor Space (Heap memory): committed=122,50 MB, used=6,31 MB, max=122,50 MB, threshold=?
2017-06-02 16:59:28.080+0000 INFO  [o.n.k.i.DiagnosticsManager] Memory Pool: PS Old Gen (Heap memory): committed=595,00 MB, used=127,93 MB, max=5,32 GB, threshold=0,00 B
2017-06-02 16:59:28.080+0000 INFO  [o.n.k.i.DiagnosticsManager] Operating system information:
2017-06-02 16:59:28.080+0000 INFO  [o.n.k.i.DiagnosticsManager] Operating System: Windows 10; version: 10.0; arch: amd64; cpus: 8
2017-06-02 16:59:28.080+0000 INFO  [o.n.k.i.DiagnosticsManager] Process id: 11596@avaisman-PC
2017-06-02 16:59:28.080+0000 INFO  [o.n.k.i.DiagnosticsManager] Byte order: LITTLE_ENDIAN
2017-06-02 16:59:28.080+0000 INFO  [o.n.k.i.DiagnosticsManager] Local timezone: America/Buenos_Aires
2017-06-02 16:59:28.080+0000 INFO  [o.n.k.i.DiagnosticsManager] JVM information:
2017-06-02 16:59:28.080+0000 INFO  [o.n.k.i.DiagnosticsManager] VM Name: Java HotSpot(TM) 64-Bit Server VM
2017-06-02 16:59:28.080+0000 INFO  [o.n.k.i.DiagnosticsManager] VM Vendor: Oracle Corporation
2017-06-02 16:59:28.080+0000 INFO  [o.n.k.i.DiagnosticsManager] VM Version: 25.121-b13
2017-06-02 16:59:28.080+0000 INFO  [o.n.k.i.DiagnosticsManager] JIT compiler: HotSpot 64-Bit Tiered Compilers
2017-06-02 16:59:28.080+0000 INFO  [o.n.k.i.DiagnosticsManager] VM Arguments: [-Dexe4j.semaphoreName=Local\c:_program_files_neo4j_ce_3.1.0_bin_neo4j-ce.exe, -Dexe4j.isInstall4j=true, -Dexe4j.moduleName=C:\Program Files\Neo4j CE 3.1.0\bin\neo4j-ce.exe, -Dexe4j.tempDir=, -Dexe4j.unextractedPosition=0, -Djava.library.path=C:\Program Files\Java\jdk1.8.0_65\\bin;C:\ProgramData\Oracle\Java\javapath;C:\Program Files (x86)\Intel\iCLS Client\;C:\Program Files\Intel\iCLS Client\;C:\Program Files\Common Files\Microsoft Shared\Windows Live;C:\Program Files (x86)\Common Files\Microsoft Shared\Windows Live;C:\WINDOWS\system32;C:\WINDOWS;C:\WINDOWS\System32\Wbem;C:\WINDOWS\System32\WindowsPowerShell\v1.0\;C:\Program Files (x86)\Windows Live\Shared;C:\Program Files\Intel\Intel(R) Management Engine Components\DAL;C:\Program Files\Intel\Intel(R) Management Engine Components\IPT;C:\Program Files (x86)\Intel\Intel(R) Management Engine Components\DAL;C:\Program Files (x86)\Intel\Intel(R) Management Engine Components\IPT;C:\Program Files\MiKTeX 2.9\miktex\bin\x64\;C:\Program Files\Microsoft SQL Server\120\DTS\Binn\;C:\Program Files\Microsoft SQL Server\Client SDK\ODBC\110\Tools\Binn\;C:\Program Files (x86)\Microsoft SQL Server\120\Tools\Binn\;C:\Program Files\Microsoft SQL Server\120\Tools\Binn\;C:\Program Files (x86)\Microsoft SQL Server\120\Tools\Binn\ManagementStudio\;C:\Program Files (x86)\Microsoft SQL Server\120\DTS\Binn\;C:\Program Files (x86)\scala\bin;C:\WINDOWS\system32;C:\WINDOWS;C:\WINDOWS\System32\Wbem;C:\WINDOWS\System32\WindowsPowerShell\v1.0\;C:\Users\avaisman\AppData\Local\Programs\Python\Python36-32\;C:\Users\avaisman\AppData\Local\Microsoft\WindowsApps;;c:\program files\java\jre1.8.0_121\bin, -Dexe4j.consoleCodepage=cp0, -Dinstall4j.launcherId=24, -Dinstall4j.swt=false]
2017-06-02 16:59:28.080+0000 INFO  [o.n.k.i.DiagnosticsManager] Java classpath:
2017-06-02 16:59:28.096+0000 INFO  [o.n.k.i.DiagnosticsManager]  [bootstrap] C:\Program Files\Java\jre1.8.0_121\lib\resources.jar
2017-06-02 16:59:28.096+0000 INFO  [o.n.k.i.DiagnosticsManager]  [classpath] C:\Program Files\Neo4j CE 3.1.0\.install4j\i4jruntime.jar
2017-06-02 16:59:28.096+0000 INFO  [o.n.k.i.DiagnosticsManager]  [loader.0] file:/C:/Program%20Files/Neo4j%20CE%203.1.0/.install4j/i4jruntime.jar
2017-06-02 16:59:28.096+0000 INFO  [o.n.k.i.DiagnosticsManager]  [loader.1] file:/C:/Program%20Files/Java/jre1.8.0_121/lib/ext/nashorn.jar
2017-06-02 16:59:28.096+0000 INFO  [o.n.k.i.DiagnosticsManager]  [loader.1] file:/C:/Program%20Files/Java/jre1.8.0_121/lib/ext/cldrdata.jar
2017-06-02 16:59:28.127+0000 INFO  [o.n.k.i.DiagnosticsManager]  [bootstrap] C:\Program Files\Java\jre1.8.0_121\lib\jce.jar
2017-06-02 16:59:28.127+0000 INFO  [o.n.k.i.DiagnosticsManager]  [loader.1] file:/C:/Program%20Files/Java/jre1.8.0_121/lib/ext/sunec.jar
2017-06-02 16:59:28.127+0000 INFO  [o.n.k.i.DiagnosticsManager]  [loader.1] file:/C:/Program%20Files/Java/jre1.8.0_121/lib/ext/sunpkcs11.jar
2017-06-02 16:59:28.127+0000 INFO  [o.n.k.i.DiagnosticsManager]  [bootstrap] C:\Program Files\Java\jre1.8.0_121\lib\sunrsasign.jar
2017-06-02 16:59:28.127+0000 INFO  [o.n.k.i.DiagnosticsManager]  [bootstrap] C:\Program Files\Java\jre1.8.0_121\classes
2017-06-02 16:59:28.127+0000 INFO  [o.n.k.i.DiagnosticsManager]  [loader.1] file:/C:/Program%20Files/Java/jre1.8.0_121/lib/ext/sunmscapi.jar
2017-06-02 16:59:28.127+0000 INFO  [o.n.k.i.DiagnosticsManager]  [loader.1] file:/C:/Program%20Files/Java/jre1.8.0_121/lib/ext/access-bridge-64.jar
2017-06-02 16:59:28.127+0000 INFO  [o.n.k.i.DiagnosticsManager]  [bootstrap] C:\Program Files\Java\jre1.8.0_121\lib\jsse.jar
2017-06-02 16:59:28.127+0000 INFO  [o.n.k.i.DiagnosticsManager]  [classpath] C:\Program Files\Neo4j CE 3.1.0\bin\neo4j-desktop-3.1.0.jar
2017-06-02 16:59:28.127+0000 INFO  [o.n.k.i.DiagnosticsManager]  [bootstrap] C:\Program Files\Java\jre1.8.0_121\lib\jfr.jar
2017-06-02 16:59:28.127+0000 INFO  [o.n.k.i.DiagnosticsManager]  [bootstrap] C:\Program Files\Java\jre1.8.0_121\lib\rt.jar
2017-06-02 16:59:28.127+0000 INFO  [o.n.k.i.DiagnosticsManager]  [loader.1] file:/C:/Program%20Files/Java/jre1.8.0_121/lib/ext/jfxrt.jar
2017-06-02 16:59:28.127+0000 INFO  [o.n.k.i.DiagnosticsManager]  [loader.1] file:/C:/Program%20Files/Java/jre1.8.0_121/lib/ext/zipfs.jar
2017-06-02 16:59:28.127+0000 INFO  [o.n.k.i.DiagnosticsManager]  [bootstrap] C:\Program Files\Java\jre1.8.0_121\lib\charsets.jar
2017-06-02 16:59:28.127+0000 INFO  [o.n.k.i.DiagnosticsManager]  [loader.0] file:/C:/Program%20Files/Neo4j%20CE%203.1.0/bin/neo4j-desktop-3.1.0.jar
2017-06-02 16:59:28.127+0000 INFO  [o.n.k.i.DiagnosticsManager]  [loader.1] file:/C:/Program%20Files/Java/jre1.8.0_121/lib/ext/dnsns.jar
2017-06-02 16:59:28.127+0000 INFO  [o.n.k.i.DiagnosticsManager]  [loader.1] file:/C:/Program%20Files/Java/jre1.8.0_121/lib/ext/localedata.jar
2017-06-02 16:59:28.127+0000 INFO  [o.n.k.i.DiagnosticsManager]  [loader.1] file:/C:/Program%20Files/Java/jre1.8.0_121/lib/ext/sunjce_provider.jar
2017-06-02 16:59:28.127+0000 INFO  [o.n.k.i.DiagnosticsManager]  [loader.1] file:/C:/Program%20Files/Java/jre1.8.0_121/lib/ext/jaccess.jar
2017-06-02 16:59:28.127+0000 INFO  [o.n.k.i.DiagnosticsManager] Library path:
2017-06-02 16:59:28.127+0000 INFO  [o.n.k.i.DiagnosticsManager] C:\Program Files\Java\jdk1.8.0_65\bin
2017-06-02 16:59:28.127+0000 INFO  [o.n.k.i.DiagnosticsManager] C:\ProgramData\Oracle\Java\javapath
2017-06-02 16:59:28.127+0000 INFO  [o.n.k.i.DiagnosticsManager] C:\Program Files (x86)\Intel\iCLS Client
2017-06-02 16:59:28.127+0000 INFO  [o.n.k.i.DiagnosticsManager] C:\Program Files\Intel\iCLS Client
2017-06-02 16:59:28.127+0000 INFO  [o.n.k.i.DiagnosticsManager] C:\Program Files\Common Files\microsoft shared\Windows Live
2017-06-02 16:59:28.127+0000 INFO  [o.n.k.i.DiagnosticsManager] C:\Program Files (x86)\Common Files\Microsoft Shared\Windows Live
2017-06-02 16:59:28.127+0000 INFO  [o.n.k.i.DiagnosticsManager] C:\Windows\System32
2017-06-02 16:59:28.127+0000 INFO  [o.n.k.i.DiagnosticsManager] C:\Windows
2017-06-02 16:59:28.127+0000 INFO  [o.n.k.i.DiagnosticsManager] C:\Windows\System32\wbem
2017-06-02 16:59:28.127+0000 INFO  [o.n.k.i.DiagnosticsManager] C:\Windows\System32\WindowsPowerShell\v1.0
2017-06-02 16:59:28.127+0000 INFO  [o.n.k.i.DiagnosticsManager] C:\Program Files (x86)\Windows Live\Shared
2017-06-02 16:59:28.127+0000 INFO  [o.n.k.i.DiagnosticsManager] C:\Program Files\Intel\Intel(R) Management Engine Components\DAL
2017-06-02 16:59:28.127+0000 INFO  [o.n.k.i.DiagnosticsManager] C:\Program Files\Intel\Intel(R) Management Engine Components\IPT
2017-06-02 16:59:28.142+0000 INFO  [o.n.k.i.DiagnosticsManager] C:\Program Files (x86)\Intel\Intel(R) Management Engine Components\DAL
2017-06-02 16:59:28.142+0000 INFO  [o.n.k.i.DiagnosticsManager] C:\Program Files (x86)\Intel\Intel(R) Management Engine Components\IPT
2017-06-02 16:59:28.142+0000 INFO  [o.n.k.i.DiagnosticsManager] C:\Program Files\MiKTeX 2.9\miktex\bin\x64
2017-06-02 16:59:28.142+0000 INFO  [o.n.k.i.DiagnosticsManager] C:\Program Files\Microsoft SQL Server\120\DTS\Binn
2017-06-02 16:59:28.142+0000 INFO  [o.n.k.i.DiagnosticsManager] C:\Program Files\Microsoft SQL Server\Client SDK\ODBC\110\Tools\Binn
2017-06-02 16:59:28.142+0000 INFO  [o.n.k.i.DiagnosticsManager] C:\Program Files (x86)\Microsoft SQL Server\120\Tools\Binn
2017-06-02 16:59:28.142+0000 INFO  [o.n.k.i.DiagnosticsManager] C:\Program Files\Microsoft SQL Server\120\Tools\Binn
2017-06-02 16:59:28.142+0000 INFO  [o.n.k.i.DiagnosticsManager] C:\Program Files (x86)\Microsoft SQL Server\120\Tools\Binn\ManagementStudio
2017-06-02 16:59:28.142+0000 INFO  [o.n.k.i.DiagnosticsManager] C:\Program Files (x86)\Microsoft SQL Server\120\DTS\Binn
2017-06-02 16:59:28.142+0000 INFO  [o.n.k.i.DiagnosticsManager] C:\Program Files (x86)\scala\bin
2017-06-02 16:59:28.142+0000 INFO  [o.n.k.i.DiagnosticsManager] C:\Windows\System32
2017-06-02 16:59:28.142+0000 INFO  [o.n.k.i.DiagnosticsManager] C:\Windows
2017-06-02 16:59:28.142+0000 INFO  [o.n.k.i.DiagnosticsManager] C:\Windows\System32\wbem
2017-06-02 16:59:28.142+0000 INFO  [o.n.k.i.DiagnosticsManager] C:\Windows\System32\WindowsPowerShell\v1.0
2017-06-02 16:59:28.142+0000 INFO  [o.n.k.i.DiagnosticsManager] C:\Users\avaisman\AppData\Local\Programs\Python\Python36-32
2017-06-02 16:59:28.142+0000 INFO  [o.n.k.i.DiagnosticsManager] C:\Users\avaisman\AppData\Local\Microsoft\WindowsApps
2017-06-02 16:59:28.142+0000 INFO  [o.n.k.i.DiagnosticsManager] C:\Program Files\Neo4j CE 3.1.0\bin
2017-06-02 16:59:28.142+0000 INFO  [o.n.k.i.DiagnosticsManager] C:\Program Files\Java\jre1.8.0_121\bin
2017-06-02 16:59:28.142+0000 INFO  [o.n.k.i.DiagnosticsManager] System.properties:
2017-06-02 16:59:28.142+0000 INFO  [o.n.k.i.DiagnosticsManager] exe4j.moduleName = C:\Program Files\Neo4j CE 3.1.0\bin\neo4j-ce.exe
2017-06-02 16:59:28.142+0000 INFO  [o.n.k.i.DiagnosticsManager] exe4j.semaphoreName = Local\c:_program_files_neo4j_ce_3.1.0_bin_neo4j-ce.exe
2017-06-02 16:59:28.142+0000 INFO  [o.n.k.i.DiagnosticsManager] sun.boot.library.path = c:\program files\java\jre1.8.0_121\bin
2017-06-02 16:59:28.142+0000 INFO  [o.n.k.i.DiagnosticsManager] exe4j.consoleCodepage = cp0
2017-06-02 16:59:28.142+0000 INFO  [o.n.k.i.DiagnosticsManager] path.separator = ;
2017-06-02 16:59:28.142+0000 INFO  [o.n.k.i.DiagnosticsManager] file.encoding.pkg = sun.io
2017-06-02 16:59:28.142+0000 INFO  [o.n.k.i.DiagnosticsManager] user.country = ES
2017-06-02 16:59:28.142+0000 INFO  [o.n.k.i.DiagnosticsManager] user.script = 
2017-06-02 16:59:28.142+0000 INFO  [o.n.k.i.DiagnosticsManager] sun.os.patch.level = 
2017-06-02 16:59:28.142+0000 INFO  [o.n.k.i.DiagnosticsManager] install4j.exeDir = C:\Program Files\Neo4j CE 3.1.0\bin\
2017-06-02 16:59:28.142+0000 INFO  [o.n.k.i.DiagnosticsManager] user.dir = C:\Program Files\Neo4j CE 3.1.0\bin
2017-06-02 16:59:28.142+0000 INFO  [o.n.k.i.DiagnosticsManager] user.variant = 
2017-06-02 16:59:28.142+0000 INFO  [o.n.k.i.DiagnosticsManager] exe4j.tempDir = 
2017-06-02 16:59:28.142+0000 INFO  [o.n.k.i.DiagnosticsManager] sun.jnu.encoding = Cp1252
2017-06-02 16:59:28.142+0000 INFO  [o.n.k.i.DiagnosticsManager] sun.nio.ch.bugLevel = 
2017-06-02 16:59:28.142+0000 INFO  [o.n.k.i.DiagnosticsManager] unsupported.dbms.udc.source = desktop
2017-06-02 16:59:28.142+0000 INFO  [o.n.k.i.DiagnosticsManager] sun.awt.enableExtraMouseButtons = true
2017-06-02 16:59:28.142+0000 INFO  [o.n.k.i.DiagnosticsManager] install4j.launcherId = 24
2017-06-02 16:59:28.142+0000 INFO  [o.n.k.i.DiagnosticsManager] sun.management.compiler = HotSpot 64-Bit Tiered Compilers
2017-06-02 16:59:28.142+0000 INFO  [o.n.k.i.DiagnosticsManager] exe4j.isInstall4j = true
2017-06-02 16:59:28.142+0000 INFO  [o.n.k.i.DiagnosticsManager] install4j.swt = false
2017-06-02 16:59:28.142+0000 INFO  [o.n.k.i.DiagnosticsManager] user.home = C:\Users\avaisman
2017-06-02 16:59:28.142+0000 INFO  [o.n.k.i.DiagnosticsManager] user.timezone = America/Buenos_Aires
2017-06-02 16:59:28.142+0000 INFO  [o.n.k.i.DiagnosticsManager] file.encoding = Cp1252
2017-06-02 16:59:28.142+0000 INFO  [o.n.k.i.DiagnosticsManager] user.name = avaisman
2017-06-02 16:59:28.142+0000 INFO  [o.n.k.i.DiagnosticsManager] sun.java.command = C:\Program Files\Neo4j CE 3.1.0\bin\neo4j-ce.exe
2017-06-02 16:59:28.142+0000 INFO  [o.n.k.i.DiagnosticsManager] sun.arch.data.model = 64
2017-06-02 16:59:28.142+0000 INFO  [o.n.k.i.DiagnosticsManager] exe4j.launchName = C:\Program Files\Neo4j CE 3.1.0\bin\neo4j-ce.exe
2017-06-02 16:59:28.142+0000 INFO  [o.n.k.i.DiagnosticsManager] user.language = es
2017-06-02 16:59:28.142+0000 INFO  [o.n.k.i.DiagnosticsManager] awt.toolkit = sun.awt.windows.WToolkit
2017-06-02 16:59:28.142+0000 INFO  [o.n.k.i.DiagnosticsManager] exe4j.unextractedPosition = 0
2017-06-02 16:59:28.142+0000 INFO  [o.n.k.i.DiagnosticsManager] install4j.appDir = C:\Program Files\Neo4j CE 3.1.0\
2017-06-02 16:59:28.142+0000 INFO  [o.n.k.i.DiagnosticsManager] file.separator = \
2017-06-02 16:59:28.142+0000 INFO  [o.n.k.i.DiagnosticsManager] sun.io.unicode.encoding = UnicodeLittle
2017-06-02 16:59:28.142+0000 INFO  [o.n.k.i.DiagnosticsManager] sun.cpu.endian = little
2017-06-02 16:59:28.142+0000 INFO  [o.n.k.i.DiagnosticsManager] sun.desktop = windows
2017-06-02 16:59:28.142+0000 INFO  [o.n.k.i.DiagnosticsManager] sun.cpu.isalist = amd64
2017-06-02 16:59:28.142+0000 INFO  [o.n.k.i.DiagnosticsManager] Network information:
2017-06-02 16:59:28.158+0000 INFO  [o.n.k.i.DiagnosticsManager] Interface Software Loopback Interface 1:
2017-06-02 16:59:28.158+0000 INFO  [o.n.k.i.DiagnosticsManager]     address: 127.0.0.1
2017-06-02 16:59:28.158+0000 INFO  [o.n.k.i.DiagnosticsManager]     address: 0:0:0:0:0:0:0:1
2017-06-02 16:59:28.158+0000 INFO  [o.n.k.i.DiagnosticsManager] Interface WAN Miniport (PPPOE):
2017-06-02 16:59:28.158+0000 INFO  [o.n.k.i.DiagnosticsManager] Interface Microsoft Kernel Debug Network Adapter:
2017-06-02 16:59:28.158+0000 INFO  [o.n.k.i.DiagnosticsManager] Interface WAN Miniport (SSTP):
2017-06-02 16:59:28.158+0000 INFO  [o.n.k.i.DiagnosticsManager] Interface WAN Miniport (Network Monitor):
2017-06-02 16:59:28.158+0000 INFO  [o.n.k.i.DiagnosticsManager] Interface WAN Miniport (PPTP):
2017-06-02 16:59:28.158+0000 INFO  [o.n.k.i.DiagnosticsManager] Interface WAN Miniport (IKEv2):
2017-06-02 16:59:28.158+0000 INFO  [o.n.k.i.DiagnosticsManager] Interface Teredo Tunneling Pseudo-Interface:
2017-06-02 16:59:28.158+0000 INFO  [o.n.k.i.DiagnosticsManager]     address: 2001:0:9d38:78cf:2cae:1882:37fa:8677
2017-06-02 16:59:28.158+0000 INFO  [o.n.k.i.DiagnosticsManager]     address: fe80:0:0:0:2cae:1882:37fa:8677%net3
2017-06-02 16:59:28.158+0000 INFO  [o.n.k.i.DiagnosticsManager] Interface VirtualBox Host-Only Ethernet Adapter:
2017-06-02 16:59:28.158+0000 INFO  [o.n.k.i.DiagnosticsManager] Interface WAN Miniport (IP):
2017-06-02 16:59:28.158+0000 INFO  [o.n.k.i.DiagnosticsManager] Interface Microsoft ISATAP Adapter:
2017-06-02 16:59:28.158+0000 INFO  [o.n.k.i.DiagnosticsManager]     address: fe80:0:0:0:0:5efe:a11:319%net4
2017-06-02 16:59:28.158+0000 INFO  [o.n.k.i.DiagnosticsManager] Interface Realtek PCIe GBE Family Controller:
2017-06-02 16:59:28.158+0000 INFO  [o.n.k.i.DiagnosticsManager]     address: 10.17.3.25
2017-06-02 16:59:28.158+0000 INFO  [o.n.k.i.DiagnosticsManager]     address: fe80:0:0:0:c93e:c15e:4b22:336%eth4
2017-06-02 16:59:28.158+0000 INFO  [o.n.k.i.DiagnosticsManager] Interface WAN Miniport (L2TP):
2017-06-02 16:59:28.158+0000 INFO  [o.n.k.i.DiagnosticsManager] Interface WAN Miniport (IPv6):
2017-06-02 16:59:28.158+0000 INFO  [o.n.k.i.DiagnosticsManager] Interface Realtek PCIe GBE Family Controller-WFP Native MAC Layer LightWeight Filter-0000:
2017-06-02 16:59:28.158+0000 INFO  [o.n.k.i.DiagnosticsManager] Interface Realtek PCIe GBE Family Controller-VirtualBox NDIS Light-Weight Filter-0000:
2017-06-02 16:59:28.158+0000 INFO  [o.n.k.i.DiagnosticsManager] Interface Realtek PCIe GBE Family Controller-COMODO Internet Security Firewall Driver-0000:
2017-06-02 16:59:28.158+0000 INFO  [o.n.k.i.DiagnosticsManager] Interface Realtek PCIe GBE Family Controller-QoS Packet Scheduler-0000:
2017-06-02 16:59:28.158+0000 INFO  [o.n.k.i.DiagnosticsManager] Interface Realtek PCIe GBE Family Controller-WFP 802.3 MAC Layer LightWeight Filter-0000:
2017-06-02 16:59:28.158+0000 INFO  [o.n.k.i.DiagnosticsManager] --- INITIALIZED diagnostics END ---
2017-06-02 16:59:28.158+0000 INFO  [o.n.b.v.r.WorkerFactory] Bolt Server extension loaded.
2017-06-02 16:59:28.158+0000 INFO  [o.n.b.v.r.WorkerFactory] Bolt enabled on localhost:7687.
2017-06-02 16:59:28.299+0000 INFO  [o.n.k.i.s.f.RecordFormatSelector] Selected RecordFormat:StandardV3_0[v0.A.7] record format from store C:\Users\avaisman\Dropbox\Especializacion\Especializacion 2017\Materias\DW y OLAP\Grafos\telco.db
2017-06-02 16:59:28.564+0000 INFO  [o.n.k.i.s.f.RecordFormatSelector] Selected RecordFormat:StandardV3_0[v0.A.7] record format from store C:\Users\avaisman\Dropbox\Especializacion\Especializacion 2017\Materias\DW y OLAP\Grafos\telco.db
2017-06-02 16:59:28.564+0000 INFO  [o.n.k.i.s.f.RecordFormatSelector] Format not configured. Selected format from the store: RecordFormat:StandardV3_0[v0.A.7]
2017-06-02 16:59:34.846+0000 INFO  [o.n.k.i.a.i.IndexingService] IndexingService.init: index 1 on :label[0](property[0]) is ONLINE
2017-06-02 16:59:34.861+0000 INFO  [o.n.k.i.a.i.IndexingService] IndexingService.init: index 3 on :label[1](property[0]) is ONLINE
2017-06-02 16:59:34.877+0000 INFO  [o.n.k.i.a.i.IndexingService] IndexingService.init: index 5 on :label[2](property[4]) is ONLINE
2017-06-02 16:59:34.893+0000 INFO  [o.n.k.i.a.i.IndexingService] IndexingService.init: index 7 on :label[3](property[0]) is ONLINE
2017-06-02 16:59:34.908+0000 INFO  [o.n.k.i.a.i.IndexingService] IndexingService.init: index 9 on :label[5](property[0]) is ONLINE
2017-06-02 16:59:34.955+0000 INFO  [o.n.k.i.a.i.IndexingService] IndexingService.start: index 1 on :Pais(ID) is ONLINE
2017-06-02 16:59:34.955+0000 INFO  [o.n.k.i.a.i.IndexingService] IndexingService.start: index 9 on :Persona(ID) is ONLINE
2017-06-02 16:59:34.955+0000 INFO  [o.n.k.i.a.i.IndexingService] IndexingService.start: index 3 on :Operador(ID) is ONLINE
2017-06-02 16:59:34.955+0000 INFO  [o.n.k.i.a.i.IndexingService] IndexingService.start: index 5 on :Tel(Nro) is ONLINE
2017-06-02 16:59:34.955+0000 INFO  [o.n.k.i.a.i.IndexingService] IndexingService.start: index 7 on :Ciudad(ID) is ONLINE
2017-06-02 16:59:34.955+0000 INFO  [o.n.k.i.DatabaseHealth] Database health set to OK
2017-06-02 16:59:34.971+0000 INFO  [o.n.k.AvailabilityGuard] Fulfilling of requirement makes database available: Database available
2017-06-02 16:59:34.971+0000 INFO  [o.n.k.i.f.GraphDatabaseFacadeFactory] Database is now ready
2017-06-02 16:59:34.971+0000 INFO  [o.n.k.i.DiagnosticsManager] --- STARTED diagnostics for KernelDiagnostics:Versions START ---
2017-06-02 16:59:34.971+0000 INFO  [o.n.k.i.DiagnosticsManager] Graph Database: community single StoreId{creationTime=1441578945069, randomId=-6182503816585395238, storeVersion=15531981201765894, upgradeTime=1472678251723, upgradeId=56}
2017-06-02 16:59:34.971+0000 INFO  [o.n.k.i.DiagnosticsManager] Kernel version: 3.1.0
2017-06-02 16:59:34.971+0000 INFO  [o.n.k.i.DiagnosticsManager] --- STARTED diagnostics for KernelDiagnostics:Versions END ---
2017-06-02 16:59:34.986+0000 INFO  [o.n.k.i.DiagnosticsManager] --- STARTED diagnostics for NEO_STORE_VERSIONS START ---
2017-06-02 16:59:34.986+0000 INFO  [o.n.k.i.DiagnosticsManager] Store versions:
2017-06-02 16:59:34.986+0000 INFO  [o.n.k.i.DiagnosticsManager] Store versions:
2017-06-02 16:59:34.986+0000 INFO  [o.n.k.i.DiagnosticsManager]   ArrayPropertyStore v0.A.7
2017-06-02 16:59:34.986+0000 INFO  [o.n.k.i.DiagnosticsManager]   NodeStore v0.A.7
2017-06-02 16:59:34.986+0000 INFO  [o.n.k.i.DiagnosticsManager]   StringPropertyStore v0.A.7
2017-06-02 16:59:34.986+0000 INFO  [o.n.k.i.DiagnosticsManager]   PropertyIndexStore v0.A.7
2017-06-02 16:59:34.986+0000 INFO  [o.n.k.i.DiagnosticsManager]   StringPropertyStore v0.A.7
2017-06-02 16:59:34.986+0000 INFO  [o.n.k.i.DiagnosticsManager]   ArrayPropertyStore v0.A.7
2017-06-02 16:59:34.986+0000 INFO  [o.n.k.i.DiagnosticsManager]   PropertyStore v0.A.7
2017-06-02 16:59:34.986+0000 INFO  [o.n.k.i.DiagnosticsManager]   RelationshipStore v0.A.7
2017-06-02 16:59:34.986+0000 INFO  [o.n.k.i.DiagnosticsManager]   StringPropertyStore v0.A.7
2017-06-02 16:59:34.986+0000 INFO  [o.n.k.i.DiagnosticsManager]   RelationshipTypeStore v0.A.7
2017-06-02 16:59:34.986+0000 INFO  [o.n.k.i.DiagnosticsManager]   StringPropertyStore v0.A.7
2017-06-02 16:59:34.986+0000 INFO  [o.n.k.i.DiagnosticsManager]   LabelTokenStore v0.A.7
2017-06-02 16:59:34.986+0000 INFO  [o.n.k.i.DiagnosticsManager]   SchemaStore v0.A.7
2017-06-02 16:59:34.986+0000 INFO  [o.n.k.i.DiagnosticsManager]   RelationshipGroupStore v0.A.7
2017-06-02 16:59:34.986+0000 INFO  [o.n.k.i.DiagnosticsManager]   NeoStore v0.A.7
2017-06-02 16:59:34.986+0000 INFO  [o.n.k.i.DiagnosticsManager] --- STARTED diagnostics for NEO_STORE_VERSIONS END ---
2017-06-02 16:59:34.986+0000 INFO  [o.n.k.i.DiagnosticsManager] --- STARTED diagnostics for NEO_STORE_ID_USAGE START ---
2017-06-02 16:59:34.986+0000 INFO  [o.n.k.i.DiagnosticsManager] Id usage:
2017-06-02 16:59:34.986+0000 INFO  [o.n.k.i.DiagnosticsManager] Id usage:
2017-06-02 16:59:34.986+0000 INFO  [o.n.k.i.DiagnosticsManager]   ArrayPropertyStore: used=1 high=0
2017-06-02 16:59:34.986+0000 INFO  [o.n.k.i.DiagnosticsManager]   NodeStore: used=303 high=302
2017-06-02 16:59:34.986+0000 INFO  [o.n.k.i.DiagnosticsManager]   StringPropertyStore: used=16 high=15
2017-06-02 16:59:34.986+0000 INFO  [o.n.k.i.DiagnosticsManager]   PropertyIndexStore: used=15 high=14
2017-06-02 16:59:34.986+0000 INFO  [o.n.k.i.DiagnosticsManager]   StringPropertyStore: used=1 high=0
2017-06-02 16:59:34.986+0000 INFO  [o.n.k.i.DiagnosticsManager]   ArrayPropertyStore: used=18 high=17
2017-06-02 16:59:34.986+0000 INFO  [o.n.k.i.DiagnosticsManager]   PropertyStore: used=406 high=405
2017-06-02 16:59:34.986+0000 INFO  [o.n.k.i.DiagnosticsManager]   RelationshipStore: used=337 high=336
2017-06-02 16:59:34.986+0000 INFO  [o.n.k.i.DiagnosticsManager]   StringPropertyStore: used=7 high=6
2017-06-02 16:59:34.986+0000 INFO  [o.n.k.i.DiagnosticsManager]   RelationshipTypeStore: used=6 high=5
2017-06-02 16:59:34.986+0000 INFO  [o.n.k.i.DiagnosticsManager]   StringPropertyStore: used=7 high=6
2017-06-02 16:59:34.986+0000 INFO  [o.n.k.i.DiagnosticsManager]   LabelTokenStore: used=6 high=5
2017-06-02 16:59:34.986+0000 INFO  [o.n.k.i.DiagnosticsManager]   SchemaStore: used=11 high=10
2017-06-02 16:59:34.986+0000 INFO  [o.n.k.i.DiagnosticsManager]   RelationshipGroupStore: used=1 high=0
2017-06-02 16:59:34.986+0000 INFO  [o.n.k.i.DiagnosticsManager]   NeoStore: used=15 high=14
2017-06-02 16:59:34.986+0000 INFO  [o.n.k.i.DiagnosticsManager] --- STARTED diagnostics for NEO_STORE_ID_USAGE END ---
2017-06-02 16:59:34.986+0000 INFO  [o.n.k.i.DiagnosticsManager] --- STARTED diagnostics for NEO_STORE_RECORDS START ---
2017-06-02 16:59:34.986+0000 INFO  [o.n.k.i.DiagnosticsManager] Neostore records:
2017-06-02 16:59:34.986+0000 INFO  [o.n.k.i.DiagnosticsManager] TIME (Creation time): 1441578945069
2017-06-02 16:59:34.986+0000 INFO  [o.n.k.i.DiagnosticsManager] RANDOM_NUMBER (Random number for store id): -6182503816585395238
2017-06-02 16:59:34.986+0000 INFO  [o.n.k.i.DiagnosticsManager] LOG_VERSION (Current log version): 2
2017-06-02 16:59:34.986+0000 INFO  [o.n.k.i.DiagnosticsManager] LAST_TRANSACTION_ID (Last committed transaction): 56
2017-06-02 16:59:34.986+0000 INFO  [o.n.k.i.DiagnosticsManager] STORE_VERSION (Store format version): 15531981201765894
2017-06-02 16:59:34.986+0000 INFO  [o.n.k.i.DiagnosticsManager] FIRST_GRAPH_PROPERTY (First property record containing graph properties): -1
2017-06-02 16:59:34.986+0000 INFO  [o.n.k.i.DiagnosticsManager] LAST_CONSTRAINT_TRANSACTION (Last committed transaction containing constraint changes): 30
2017-06-02 16:59:34.986+0000 INFO  [o.n.k.i.DiagnosticsManager] UPGRADE_TRANSACTION_ID (Transaction id most recent upgrade was performed at): 56
2017-06-02 16:59:34.986+0000 INFO  [o.n.k.i.DiagnosticsManager] UPGRADE_TIME (Time of last upgrade): 1472678251723
2017-06-02 16:59:34.986+0000 INFO  [o.n.k.i.DiagnosticsManager] LAST_TRANSACTION_CHECKSUM (Checksum of last committed transaction): 3188527076527876092
2017-06-02 16:59:34.986+0000 INFO  [o.n.k.i.DiagnosticsManager] UPGRADE_TRANSACTION_CHECKSUM (Checksum of transaction id the most recent upgrade was performed at): 3188527076527876092
2017-06-02 16:59:34.986+0000 INFO  [o.n.k.i.DiagnosticsManager] LAST_CLOSED_TRANSACTION_LOG_VERSION (Log version where the last transaction commit entry has been written into): 2
2017-06-02 16:59:34.986+0000 INFO  [o.n.k.i.DiagnosticsManager] LAST_CLOSED_TRANSACTION_LOG_BYTE_OFFSET (Byte offset in the log file where the last transaction commit entry has been written into): 29675
2017-06-02 16:59:34.986+0000 INFO  [o.n.k.i.DiagnosticsManager] LAST_TRANSACTION_COMMIT_TIMESTAMP (Commit time timestamp for last committed transaction): 1
2017-06-02 16:59:34.986+0000 INFO  [o.n.k.i.DiagnosticsManager] UPGRADE_TRANSACTION_COMMIT_TIMESTAMP (Commit timestamp of transaction the most recent upgrade was performed at): 1
2017-06-02 16:59:34.986+0000 INFO  [o.n.k.i.DiagnosticsManager] --- STARTED diagnostics for NEO_STORE_RECORDS END ---
2017-06-02 16:59:34.986+0000 INFO  [o.n.k.i.DiagnosticsManager] --- STARTED diagnostics for TRANSACTION_RANGE START ---
2017-06-02 16:59:34.986+0000 INFO  [o.n.k.i.DiagnosticsManager] Transaction log:
2017-06-02 16:59:34.986+0000 INFO  [o.n.k.i.DiagnosticsManager] Oldest transaction 48 found in log with version 1
2017-06-02 16:59:34.986+0000 INFO  [o.n.k.i.DiagnosticsManager] --- STARTED diagnostics for TRANSACTION_RANGE END ---
2017-06-02 16:59:34.986+0000 INFO  [o.n.k.i.DiagnosticsManager] --- STARTED diagnostics for KernelDiagnostics:StoreFiles START ---
2017-06-02 16:59:34.986+0000 INFO  [o.n.k.i.DiagnosticsManager] Disk space on partition (Total / Free / Free %): 483852808192 / 117952655360 / 24
Storage files: (filename : modification date - size)
2017-06-02 16:59:34.986+0000 INFO  [o.n.k.i.DiagnosticsManager]   certificates:
2017-06-02 16:59:34.986+0000 INFO  [o.n.k.i.DiagnosticsManager]     neo4j.cert: 2017-06-02T13:59:27-0300 - 1002,00 B
2017-06-02 16:59:34.986+0000 INFO  [o.n.k.i.DiagnosticsManager]     neo4j.key: 2017-06-02T13:59:27-0300 - 1,69 kB
2017-06-02 16:59:34.986+0000 INFO  [o.n.k.i.DiagnosticsManager]   - Total: 2017-06-02T13:59:27-0300 - 2,67 kB
2017-06-02 16:59:34.986+0000 INFO  [o.n.k.i.DiagnosticsManager]   data:
2017-06-02 16:59:35.002+0000 INFO  [o.n.k.i.DiagnosticsManager]     dbms:
2017-06-02 16:59:35.002+0000 INFO  [o.n.k.i.DiagnosticsManager]       auth: 2017-06-02T13:59:34-0300 - 137,00 B
2017-06-02 16:59:35.002+0000 INFO  [o.n.k.i.DiagnosticsManager]     - Total: 2017-06-02T13:59:34-0300 - 137,00 B
2017-06-02 16:59:35.002+0000 INFO  [o.n.k.i.DiagnosticsManager]   - Total: 2017-06-02T13:59:34-0300 - 137,00 B
2017-06-02 16:59:35.002+0000 INFO  [o.n.k.i.DiagnosticsManager]   index:
2017-06-02 16:59:35.002+0000 INFO  [o.n.k.i.DiagnosticsManager]   - Total: 2015-09-06T19:35:50-0300 - 0,00 B
2017-06-02 16:59:35.002+0000 INFO  [o.n.k.i.DiagnosticsManager]   logs:
2017-06-02 16:59:35.002+0000 INFO  [o.n.k.i.DiagnosticsManager]     debug.log: 2017-06-02T13:59:27-0300 - 32,12 kB
2017-06-02 16:59:35.002+0000 INFO  [o.n.k.i.DiagnosticsManager]   - Total: 2017-06-02T13:59:27-0300 - 32,12 kB
2017-06-02 16:59:35.002+0000 INFO  [o.n.k.i.DiagnosticsManager]   messages.log: 2017-06-02T13:57:19-0300 - 220,75 kB
2017-06-02 16:59:35.002+0000 INFO  [o.n.k.i.DiagnosticsManager]   neostore: 2017-06-02T13:57:19-0300 - 8,00 kB
2017-06-02 16:59:35.002+0000 INFO  [o.n.k.i.DiagnosticsManager]   neostore.counts.db.a: 2017-06-02T13:57:19-0300 - 1,66 kB
2017-06-02 16:59:35.002+0000 INFO  [o.n.k.i.DiagnosticsManager]   neostore.counts.db.b: 2017-06-02T13:57:19-0300 - 1,66 kB
2017-06-02 16:59:35.002+0000 INFO  [o.n.k.i.DiagnosticsManager]   neostore.id: 2017-06-02T13:59:34-0300 - 9,00 B
2017-06-02 16:59:35.002+0000 INFO  [o.n.k.i.DiagnosticsManager]   neostore.labeltokenstore.db: 2017-06-02T13:57:19-0300 - 8,00 kB
2017-06-02 16:59:35.002+0000 INFO  [o.n.k.i.DiagnosticsManager]   neostore.labeltokenstore.db.id: 2017-06-02T13:59:33-0300 - 9,00 B
2017-06-02 16:59:35.002+0000 INFO  [o.n.k.i.DiagnosticsManager]   neostore.labeltokenstore.db.names: 2017-06-02T13:57:19-0300 - 266,00 B
2017-06-02 16:59:35.002+0000 INFO  [o.n.k.i.DiagnosticsManager]   neostore.labeltokenstore.db.names.id: 2017-06-02T13:59:33-0300 - 9,00 B
2017-06-02 16:59:35.002+0000 INFO  [o.n.k.i.DiagnosticsManager]   neostore.nodestore.db: 2017-06-02T13:57:19-0300 - 8,00 kB
2017-06-02 16:59:35.002+0000 INFO  [o.n.k.i.DiagnosticsManager]   neostore.nodestore.db.id: 2017-06-02T13:59:29-0300 - 9,00 B
2017-06-02 16:59:35.002+0000 INFO  [o.n.k.i.DiagnosticsManager]   neostore.nodestore.db.labels: 2017-06-02T13:57:19-0300 - 68,00 B
2017-06-02 16:59:35.002+0000 INFO  [o.n.k.i.DiagnosticsManager]   neostore.nodestore.db.labels.id: 2017-06-02T13:59:29-0300 - 9,00 B
2017-06-02 16:59:35.002+0000 INFO  [o.n.k.i.DiagnosticsManager]   neostore.propertystore.db: 2017-06-02T13:57:19-0300 - 16,26 kB
2017-06-02 16:59:35.002+0000 INFO  [o.n.k.i.DiagnosticsManager]   neostore.propertystore.db.arrays: 2017-06-02T13:57:19-0300 - 8,00 kB
2017-06-02 16:59:35.002+0000 INFO  [o.n.k.i.DiagnosticsManager]   neostore.propertystore.db.arrays.id: 2017-06-02T13:59:31-0300 - 9,00 B
2017-06-02 16:59:35.002+0000 INFO  [o.n.k.i.DiagnosticsManager]   neostore.propertystore.db.id: 2017-06-02T13:59:32-0300 - 9,00 B
2017-06-02 16:59:35.002+0000 INFO  [o.n.k.i.DiagnosticsManager]   neostore.propertystore.db.index: 2017-06-02T13:57:19-0300 - 8,00 kB
2017-06-02 16:59:35.002+0000 INFO  [o.n.k.i.DiagnosticsManager]   neostore.propertystore.db.index.id: 2017-06-02T13:59:30-0300 - 9,00 B
2017-06-02 16:59:35.002+0000 INFO  [o.n.k.i.DiagnosticsManager]   neostore.propertystore.db.index.keys: 2017-06-02T13:57:19-0300 - 7,98 kB
2017-06-02 16:59:35.002+0000 INFO  [o.n.k.i.DiagnosticsManager]   neostore.propertystore.db.index.keys.id: 2017-06-02T13:59:29-0300 - 9,00 B
2017-06-02 16:59:35.002+0000 INFO  [o.n.k.i.DiagnosticsManager]   neostore.propertystore.db.strings: 2017-06-02T13:57:19-0300 - 128,00 B
2017-06-02 16:59:35.002+0000 INFO  [o.n.k.i.DiagnosticsManager]   neostore.propertystore.db.strings.id: 2017-06-02T13:59:30-0300 - 9,00 B
2017-06-02 16:59:35.002+0000 INFO  [o.n.k.i.DiagnosticsManager]   neostore.relationshipgroupstore.db: 2017-06-02T13:57:19-0300 - 25,00 B
2017-06-02 16:59:35.002+0000 INFO  [o.n.k.i.DiagnosticsManager]   neostore.relationshipgroupstore.db.id: 2017-06-02T13:59:34-0300 - 9,00 B
2017-06-02 16:59:35.002+0000 INFO  [o.n.k.i.DiagnosticsManager]   neostore.relationshipstore.db: 2017-06-02T13:57:19-0300 - 11,19 kB
2017-06-02 16:59:35.002+0000 INFO  [o.n.k.i.DiagnosticsManager]   neostore.relationshipstore.db.id: 2017-06-02T13:59:32-0300 - 9,00 B
2017-06-02 16:59:35.002+0000 INFO  [o.n.k.i.DiagnosticsManager]   neostore.relationshiptypestore.db: 2017-06-02T13:57:19-0300 - 8,00 kB
2017-06-02 16:59:35.002+0000 INFO  [o.n.k.i.DiagnosticsManager]   neostore.relationshiptypestore.db.id: 2017-06-02T13:59:33-0300 - 9,00 B
2017-06-02 16:59:35.002+0000 INFO  [o.n.k.i.DiagnosticsManager]   neostore.relationshiptypestore.db.names: 2017-06-02T13:57:19-0300 - 266,00 B
2017-06-02 16:59:35.002+0000 INFO  [o.n.k.i.DiagnosticsManager]   neostore.relationshiptypestore.db.names.id: 2017-06-02T13:59:32-0300 - 9,00 B
2017-06-02 16:59:35.002+0000 INFO  [o.n.k.i.DiagnosticsManager]   neostore.schemastore.db: 2017-06-02T13:57:19-0300 - 704,00 B
2017-06-02 16:59:35.002+0000 INFO  [o.n.k.i.DiagnosticsManager]   neostore.schemastore.db.id: 2017-06-02T13:59:33-0300 - 9,00 B
2017-06-02 16:59:35.002+0000 INFO  [o.n.k.i.DiagnosticsManager]   neostore.transaction.db.1: 2017-06-02T13:57:20-0300 - 344,00 B
2017-06-02 16:59:35.002+0000 INFO  [o.n.k.i.DiagnosticsManager]   neostore.transaction.db.2: 2017-06-02T13:57:20-0300 - 29,03 kB
2017-06-02 16:59:35.002+0000 INFO  [o.n.k.i.DiagnosticsManager]   rrd: 2017-06-02T13:57:20-0300 - 1,93 MB
2017-06-02 16:59:35.002+0000 INFO  [o.n.k.i.DiagnosticsManager]   schema:
2017-06-02 16:59:35.002+0000 INFO  [o.n.k.i.DiagnosticsManager]     index:
2017-06-02 16:59:35.002+0000 INFO  [o.n.k.i.DiagnosticsManager]       lucene:
2017-06-02 16:59:35.002+0000 INFO  [o.n.k.i.DiagnosticsManager]         1:
2017-06-02 16:59:35.002+0000 INFO  [o.n.k.i.DiagnosticsManager]           1:
2017-06-02 16:59:35.002+0000 INFO  [o.n.k.i.DiagnosticsManager]             _0.cfe: 2017-06-02T13:57:20-0300 - 305,00 B
2017-06-02 16:59:35.002+0000 INFO  [o.n.k.i.DiagnosticsManager]             _0.cfs: 2017-06-02T13:57:20-0300 - 2,11 kB
2017-06-02 16:59:35.002+0000 INFO  [o.n.k.i.DiagnosticsManager]             _0.si: 2017-06-02T13:57:20-0300 - 359,00 B
2017-06-02 16:59:35.002+0000 INFO  [o.n.k.i.DiagnosticsManager]             segments_1: 2017-06-02T13:57:20-0300 - 150,00 B
2017-06-02 16:59:35.002+0000 INFO  [o.n.k.i.DiagnosticsManager]             write.lock: 2017-06-02T13:57:20-0300 - 0,00 B
2017-06-02 16:59:35.002+0000 INFO  [o.n.k.i.DiagnosticsManager]           - Total: 2017-06-02T13:58:54-0300 - 2,91 kB
2017-06-02 16:59:35.002+0000 INFO  [o.n.k.i.DiagnosticsManager]           failure-message: 2017-06-02T13:57:20-0300 - 16,00 kB
2017-06-02 16:59:35.018+0000 INFO  [o.n.k.i.DiagnosticsManager]         - Total: 2017-06-02T13:58:54-0300 - 18,91 kB
2017-06-02 16:59:35.018+0000 INFO  [o.n.k.i.DiagnosticsManager]         3:
2017-06-02 16:59:35.018+0000 INFO  [o.n.k.i.DiagnosticsManager]           1:
2017-06-02 16:59:35.018+0000 INFO  [o.n.k.i.DiagnosticsManager]             _0.cfe: 2017-06-02T13:57:20-0300 - 305,00 B
2017-06-02 16:59:35.018+0000 INFO  [o.n.k.i.DiagnosticsManager]             _0.cfs: 2017-06-02T13:57:20-0300 - 3,85 kB
2017-06-02 16:59:35.018+0000 INFO  [o.n.k.i.DiagnosticsManager]             _0.si: 2017-06-02T13:57:20-0300 - 359,00 B
2017-06-02 16:59:35.018+0000 INFO  [o.n.k.i.DiagnosticsManager]             segments_1: 2017-06-02T13:57:20-0300 - 150,00 B
2017-06-02 16:59:35.018+0000 INFO  [o.n.k.i.DiagnosticsManager]             write.lock: 2017-06-02T13:57:20-0300 - 0,00 B
2017-06-02 16:59:35.018+0000 INFO  [o.n.k.i.DiagnosticsManager]           - Total: 2017-06-02T13:58:54-0300 - 4,65 kB
2017-06-02 16:59:35.018+0000 INFO  [o.n.k.i.DiagnosticsManager]           failure-message: 2017-06-02T13:57:20-0300 - 16,00 kB
2017-06-02 16:59:35.018+0000 INFO  [o.n.k.i.DiagnosticsManager]         - Total: 2017-06-02T13:58:54-0300 - 20,65 kB
2017-06-02 16:59:35.018+0000 INFO  [o.n.k.i.DiagnosticsManager]         5:
2017-06-02 16:59:35.018+0000 INFO  [o.n.k.i.DiagnosticsManager]           1:
2017-06-02 16:59:35.018+0000 INFO  [o.n.k.i.DiagnosticsManager]             _0.cfe: 2017-06-02T13:57:20-0300 - 305,00 B
2017-06-02 16:59:35.018+0000 INFO  [o.n.k.i.DiagnosticsManager]             _0.cfs: 2017-06-02T13:57:20-0300 - 6,34 kB
2017-06-02 16:59:35.018+0000 INFO  [o.n.k.i.DiagnosticsManager]             _0.si: 2017-06-02T13:57:20-0300 - 359,00 B
2017-06-02 16:59:35.018+0000 INFO  [o.n.k.i.DiagnosticsManager]             segments_1: 2017-06-02T13:57:20-0300 - 150,00 B
2017-06-02 16:59:35.018+0000 INFO  [o.n.k.i.DiagnosticsManager]             write.lock: 2017-06-02T13:57:20-0300 - 0,00 B
2017-06-02 16:59:35.018+0000 INFO  [o.n.k.i.DiagnosticsManager]           - Total: 2017-06-02T13:58:54-0300 - 7,13 kB
2017-06-02 16:59:35.018+0000 INFO  [o.n.k.i.DiagnosticsManager]           failure-message: 2017-06-02T13:57:20-0300 - 16,00 kB
2017-06-02 16:59:35.018+0000 INFO  [o.n.k.i.DiagnosticsManager]         - Total: 2017-06-02T13:58:54-0300 - 23,13 kB
2017-06-02 16:59:35.018+0000 INFO  [o.n.k.i.DiagnosticsManager]         7:
2017-06-02 16:59:35.018+0000 INFO  [o.n.k.i.DiagnosticsManager]           1:
2017-06-02 16:59:35.018+0000 INFO  [o.n.k.i.DiagnosticsManager]             _0.cfe: 2017-06-02T13:57:21-0300 - 305,00 B
2017-06-02 16:59:35.018+0000 INFO  [o.n.k.i.DiagnosticsManager]             _0.cfs: 2017-06-02T13:57:21-0300 - 2,30 kB
2017-06-02 16:59:35.018+0000 INFO  [o.n.k.i.DiagnosticsManager]             _0.si: 2017-06-02T13:57:21-0300 - 359,00 B
2017-06-02 16:59:35.018+0000 INFO  [o.n.k.i.DiagnosticsManager]             segments_1: 2017-06-02T13:57:20-0300 - 150,00 B
2017-06-02 16:59:35.018+0000 INFO  [o.n.k.i.DiagnosticsManager]             write.lock: 2017-06-02T13:57:21-0300 - 0,00 B
2017-06-02 16:59:35.018+0000 INFO  [o.n.k.i.DiagnosticsManager]           - Total: 2017-06-02T13:58:54-0300 - 3,09 kB
2017-06-02 16:59:35.018+0000 INFO  [o.n.k.i.DiagnosticsManager]           failure-message: 2017-06-02T13:57:20-0300 - 16,00 kB
2017-06-02 16:59:35.018+0000 INFO  [o.n.k.i.DiagnosticsManager]         - Total: 2017-06-02T13:58:54-0300 - 19,09 kB
2017-06-02 16:59:35.018+0000 INFO  [o.n.k.i.DiagnosticsManager]         9:
2017-06-02 16:59:35.018+0000 INFO  [o.n.k.i.DiagnosticsManager]           1:
2017-06-02 16:59:35.018+0000 INFO  [o.n.k.i.DiagnosticsManager]             _0.cfe: 2017-06-02T13:57:21-0300 - 305,00 B
2017-06-02 16:59:35.018+0000 INFO  [o.n.k.i.DiagnosticsManager]             _0.cfs: 2017-06-02T13:57:21-0300 - 1,99 kB
2017-06-02 16:59:35.018+0000 INFO  [o.n.k.i.DiagnosticsManager]             _0.si: 2017-06-02T13:57:21-0300 - 359,00 B
2017-06-02 16:59:35.018+0000 INFO  [o.n.k.i.DiagnosticsManager]             segments_1: 2017-06-02T13:57:21-0300 - 150,00 B
2017-06-02 16:59:35.018+0000 INFO  [o.n.k.i.DiagnosticsManager]             write.lock: 2017-06-02T13:57:21-0300 - 0,00 B
2017-06-02 16:59:35.018+0000 INFO  [o.n.k.i.DiagnosticsManager]           - Total: 2017-06-02T13:58:54-0300 - 2,79 kB
2017-06-02 16:59:35.018+0000 INFO  [o.n.k.i.DiagnosticsManager]           failure-message: 2017-06-02T13:57:21-0300 - 16,00 kB
2017-06-02 16:59:35.018+0000 INFO  [o.n.k.i.DiagnosticsManager]         - Total: 2017-06-02T13:58:54-0300 - 18,79 kB
2017-06-02 16:59:35.018+0000 INFO  [o.n.k.i.DiagnosticsManager]       - Total: 2017-06-02T13:58:54-0300 - 100,57 kB
2017-06-02 16:59:35.018+0000 INFO  [o.n.k.i.DiagnosticsManager]     - Total: 2017-06-02T13:58:54-0300 - 100,57 kB
2017-06-02 16:59:35.018+0000 INFO  [o.n.k.i.DiagnosticsManager]     label:
2017-06-02 16:59:35.018+0000 INFO  [o.n.k.i.DiagnosticsManager]       lucene:
2017-06-02 16:59:35.018+0000 INFO  [o.n.k.i.DiagnosticsManager]         labelStore:
2017-06-02 16:59:35.018+0000 INFO  [o.n.k.i.DiagnosticsManager]           1:
2017-06-02 16:59:35.018+0000 INFO  [o.n.k.i.DiagnosticsManager]             _0.cfe: 2017-06-02T13:57:21-0300 - 305,00 B
2017-06-02 16:59:35.018+0000 INFO  [o.n.k.i.DiagnosticsManager]             _0.cfs: 2017-06-02T13:57:21-0300 - 3,34 kB
2017-06-02 16:59:35.018+0000 INFO  [o.n.k.i.DiagnosticsManager]             _0.si: 2017-06-02T13:57:21-0300 - 359,00 B
2017-06-02 16:59:35.018+0000 INFO  [o.n.k.i.DiagnosticsManager]             segments_1: 2017-06-02T13:57:21-0300 - 136,00 B
2017-06-02 16:59:35.018+0000 INFO  [o.n.k.i.DiagnosticsManager]             write.lock: 2017-06-02T13:57:21-0300 - 0,00 B
2017-06-02 16:59:35.018+0000 INFO  [o.n.k.i.DiagnosticsManager]           - Total: 2017-06-02T13:58:54-0300 - 4,12 kB
2017-06-02 16:59:35.018+0000 INFO  [o.n.k.i.DiagnosticsManager]           failure-message: 2017-06-02T13:57:21-0300 - 16,00 kB
2017-06-02 16:59:35.018+0000 INFO  [o.n.k.i.DiagnosticsManager]         - Total: 2017-06-02T13:58:54-0300 - 20,12 kB
2017-06-02 16:59:35.033+0000 INFO  [o.n.k.i.DiagnosticsManager]       - Total: 2017-06-02T13:58:54-0300 - 20,12 kB
2017-06-02 16:59:35.033+0000 INFO  [o.n.k.i.DiagnosticsManager]     - Total: 2017-06-02T13:58:54-0300 - 20,12 kB
2017-06-02 16:59:35.033+0000 INFO  [o.n.k.i.DiagnosticsManager]   - Total: 2017-06-02T13:58:54-0300 - 120,69 kB
2017-06-02 16:59:35.033+0000 INFO  [o.n.k.i.DiagnosticsManager]   store_lock: 2017-06-02T13:57:20-0300 - 0,00 B
2017-06-02 16:59:35.033+0000 INFO  [o.n.k.i.DiagnosticsManager] --- STARTED diagnostics for KernelDiagnostics:StoreFiles END ---
2017-06-02 16:59:35.049+0000 INFO  [o.n.k.i.DiagnosticsManager] --- SERVER STARTED START ---
2017-06-02 16:59:35.455+0000 INFO  [o.n.k.i.DiagnosticsManager] --- SERVER STARTED END ---
2017-06-02 17:29:45.828+0000 INFO  [o.n.k.i.f.GraphDatabaseFacadeFactory] Shutdown started
2017-06-02 17:29:45.828+0000 INFO  [o.n.k.i.f.GraphDatabaseFacadeFactory] Database is now unavailable
2017-06-02 17:29:45.843+0000 INFO  [o.n.k.i.t.l.c.CheckPointerImpl] Check Pointing triggered by database shutdown [56]:  Starting check pointing...
2017-06-02 17:29:45.843+0000 INFO  [o.n.k.i.t.l.c.CheckPointerImpl] Check Pointing triggered by database shutdown [56]:  Starting store flush...
2017-06-02 17:29:46.281+0000 INFO  [o.n.k.i.t.l.c.CheckPointerImpl] Check Pointing triggered by database shutdown [56]:  Store flush completed
2017-06-02 17:29:46.281+0000 INFO  [o.n.k.i.t.l.c.CheckPointerImpl] Check Pointing triggered by database shutdown [56]:  Starting appending check point entry into the tx log...
2017-06-02 17:29:46.312+0000 INFO  [o.n.k.i.t.l.c.CheckPointerImpl] Check Pointing triggered by database shutdown [56]:  Appending check point entry into the tx log completed
2017-06-02 17:29:46.312+0000 INFO  [o.n.k.i.t.l.c.CheckPointerImpl] Check Pointing triggered by database shutdown [56]:  Check pointing completed
2017-06-02 17:29:46.312+0000 INFO  [o.n.k.i.t.l.p.LogPruningImpl] Log Rotation [2]:  Starting log pruning.
2017-06-02 17:29:46.312+0000 INFO  [o.n.k.i.t.l.p.LogPruningImpl] Log Rotation [2]:  Log pruning complete.
2017-06-02 17:29:50.812+0000 INFO  [o.n.k.i.DiagnosticsManager] --- STOPPING diagnostics START ---
2017-06-02 17:29:50.812+0000 INFO  [o.n.k.i.DiagnosticsManager] --- STOPPING diagnostics END ---
